\BOOKMARK [1][-]{section.1}{\376\377\000I\000n\000t\000r\000o\000d\000u\000c\000t\000i\000o\000n}{}% 1
\BOOKMARK [1][-]{section.2}{\376\377\000P\000r\000o\000p\000o\000s\000i\000t\000i\000o\000n\000a\000l\000\040\000L\000o\000g\000i\000c}{}% 2
\BOOKMARK [2][-]{subsection.2.1}{\376\377\000L\000o\000g\000i\000c\000\040\000O\000p\000e\000r\000a\000t\000o\000r\000s\000\040\000a\000n\000d\000\040\000T\000r\000u\000t\000h\000\040\000T\000a\000b\000l\000e\000s}{section.2}% 3
\BOOKMARK [2][-]{subsection.2.2}{\376\377\000T\000a\000u\000t\000o\000l\000o\000g\000y\000\040\000a\000n\000d\000\040\000C\000o\000n\000t\000r\000a\000d\000i\000c\000t\000i\000o\000n}{section.2}% 4
\BOOKMARK [2][-]{subsection.2.3}{\376\377\000L\000o\000g\000i\000c\000a\000l\000\040\000E\000q\000u\000i\000v\000a\000l\000e\000n\000c\000e\000s}{section.2}% 5
\BOOKMARK [2][-]{subsection.2.4}{\376\377\000T\000r\000u\000t\000h\000\040\000T\000a\000b\000l\000e\000s}{section.2}% 6
\BOOKMARK [3][-]{subsubsection.2.4.1}{\376\377\000F\000i\000l\000l\000i\000n\000g\000\040\000a\000\040\000t\000r\000u\000t\000h\000\040\000t\000a\000b\000l\000e}{subsection.2.4}% 7
\BOOKMARK [3][-]{subsubsection.2.4.2}{\376\377\000G\000e\000n\000e\000r\000a\000l\000\040\000P\000r\000o\000c\000e\000d\000u\000r\000e\000:}{subsection.2.4}% 8
\BOOKMARK [3][-]{subsubsection.2.4.3}{\376\377\000E\000x\000a\000m\000p\000l\000e\000\040\000w\000i\000t\000h\000\040\0003\000\040\000V\000a\000r\000i\000a\000b\000l\000e\000s\000\040\000\050\000A\000,\000\040\000B\000,\000\040\000a\000n\000d\000\040\000C\000\051}{subsection.2.4}% 9
\BOOKMARK [3][-]{subsubsection.2.4.4}{\376\377\000T\000h\000e\000\040\000p\000a\000t\000t\000e\000r\000n\000\040\000f\000o\000r\000\040\000f\000i\000l\000l\000i\000n\000g\000\040\000t\000h\000e\000\040\000i\000n\000p\000u\000t\000\040\000t\000r\000u\000t\000h\000\040\000v\000a\000l\000u\000e\000s}{subsection.2.4}% 10
\BOOKMARK [3][-]{subsubsection.2.4.5}{\376\377\000T\000r\000u\000t\000h\000\040\000T\000a\000b\000l\000e\000\040\000f\000o\000r\000\040\000t\000h\000e\000\040\000E\000x\000p\000r\000e\000s\000s\000i\000o\000n\000\040\000\040\000\050\000A\000\040\000B\000\051\000\040\000C\000\040}{subsection.2.4}% 11
\BOOKMARK [2][-]{subsection.2.5}{\376\377\000D\000i\000s\000j\000u\000n\000c\000t\000i\000v\000e\000\040\000N\000o\000r\000m\000a\000l\000\040\000F\000o\000r\000m\000\040\000\050\000D\000N\000F\000\051}{section.2}% 12
\BOOKMARK [2][-]{subsection.2.6}{\376\377\000C\000o\000n\000j\000u\000n\000c\000t\000i\000v\000e\000\040\000N\000o\000r\000m\000a\000l\000\040\000F\000o\000r\000m\000\040\000\050\000C\000N\000F\000\051}{section.2}% 13
\BOOKMARK [2][-]{subsection.2.7}{\376\377\000K\000a\000r\000n\000a\000u\000g\000h\000\040\000M\000a\000p\000s}{section.2}% 14
\BOOKMARK [3][-]{subsubsection.2.7.1}{\376\377\000K\000a\000r\000n\000a\000u\000g\000h\000\040\000M\000a\000p\000\040\000f\000o\000r\000\040\000T\000w\000o\000\040\000V\000a\000r\000i\000a\000b\000l\000e\000s}{subsection.2.7}% 15
\BOOKMARK [3][-]{subsubsection.2.7.2}{\376\377\000K\000a\000r\000n\000a\000u\000g\000h\000\040\000M\000a\000p\000\040\000f\000o\000r\000\040\000T\000h\000r\000e\000e\000\040\000V\000a\000r\000i\000a\000b\000l\000e\000s}{subsection.2.7}% 16
\BOOKMARK [3][-]{subsubsection.2.7.3}{\376\377\000S\000o\000l\000v\000i\000n\000g\000\040\000a\000\040\000K\000a\000r\000n\000a\000u\000g\000h\000\040\000M\000a\000p\000\040\000\050\000K\000-\000M\000a\000p\000\051}{subsection.2.7}% 17
\BOOKMARK [2][-]{subsection.2.8}{\376\377\000M\000a\000t\000h\000e\000m\000a\000t\000i\000c\000a\000l\000\040\000Q\000u\000a\000n\000t\000i\000f\000i\000e\000r\000s\000\040\000w\000i\000t\000h\000\040\000N\000e\000g\000a\000t\000i\000o\000n\000s\000\040\000a\000n\000d\000\040\000E\000x\000a\000m\000p\000l\000e\000s}{section.2}% 18
\BOOKMARK [2][-]{subsection.2.9}{\376\377\000C\000o\000m\000m\000o\000n\000\040\000S\000y\000m\000b\000o\000l\000s\000\040\000U\000s\000e\000d\000\040\000i\000n\000\040\000M\000a\000t\000h\000e\000m\000a\000t\000i\000c\000a\000l\000\040\000E\000x\000p\000r\000e\000s\000s\000i\000o\000n\000s}{section.2}% 19
\BOOKMARK [1][-]{section.3}{\376\377\000S\000e\000t\000\040\000T\000h\000e\000o\000r\000y}{}% 20
\BOOKMARK [2][-]{subsection.3.1}{\376\377\000B\000a\000s\000i\000c\000s}{section.3}% 21
\BOOKMARK [3][-]{subsubsection.3.1.1}{\376\377\000V\000i\000s\000u\000a\000l\000s}{subsection.3.1}% 22
\BOOKMARK [2][-]{subsection.3.2}{\376\377\000A\000x\000i\000o\000m\000s\000\040\000o\000f\000\040\000S\000e\000t\000\040\000T\000h\000e\000o\000r\000y\000\040\000\050\000Z\000e\000r\000m\000e\000l\000o\000\040\000F\000r\000a\000e\000n\000k\000e\000l\000\051}{section.3}% 23
\BOOKMARK [2][-]{subsection.3.3}{\376\377\000T\000h\000e\000\040\000C\000a\000r\000t\000e\000s\000i\000a\000n\000\040\000P\000r\000o\000d\000u\000c\000t}{section.3}% 24
\BOOKMARK [2][-]{subsection.3.4}{\376\377\000L\000a\000w\000s\000\040\000o\000f\000\040\000S\000e\000t\000\040\000A\000l\000g\000e\000b\000r\000a}{section.3}% 25
\BOOKMARK [3][-]{subsubsection.3.4.1}{\376\377\000P\000r\000o\000o\000f\000\040\000o\000f\000\040\000D\000e\000\040\000M\000o\000r\000g\000a\000n\000s\000'\000s\000\040\000L\000a\000w\000\040\000f\000o\000r\000\040\000s\000e\000t\000s\000\040\000a\000n\000d\000\040\000l\000o\000g\000i\000c}{subsection.3.4}% 26
\BOOKMARK [2][-]{subsection.3.5}{\376\377\000I\000n\000d\000e\000x\000e\000d\000\040\000S\000e\000t\000s}{section.3}% 27
\BOOKMARK [3][-]{subsubsection.3.5.1}{\376\377\000M\000o\000r\000e\000\040\000P\000a\000r\000t\000i\000t\000i\000o\000n\000s\000\040\000L\000a\000w\000s}{subsection.3.5}% 28
\BOOKMARK [2][-]{subsection.3.6}{\376\377\000C\000a\000r\000d\000i\000n\000a\000l\000i\000t\000y}{section.3}% 29
\BOOKMARK [3][-]{subsubsection.3.6.1}{\376\377\000G\000e\000n\000e\000r\000a\000l\000\040\000F\000o\000r\000m\000u\000l\000a\000\040\000f\000o\000r\000\040\000t\000h\000e\000\040\000c\000a\000r\000d\000i\000n\000a\000l\000i\000t\000y\000\040\000o\000f\000\040\000t\000h\000e\000\040\000u\000n\000i\000o\000n\000\040\000o\000f\000\040\000s\000e\000t\000s}{subsection.3.6}% 30
\BOOKMARK [2][-]{subsection.3.7}{\376\377\000T\000h\000e\000\040\000P\000o\000w\000e\000r\000\040\000S\000e\000t}{section.3}% 31
\BOOKMARK [2][-]{subsection.3.8}{\376\377\000F\000a\000m\000i\000l\000y\000\040\000o\000f\000\040\000S\000u\000b\000s\000e\000t\000s}{section.3}% 32
\BOOKMARK [2][-]{subsection.3.9}{\376\377\000P\000a\000r\000t\000i\000t\000i\000o\000n}{section.3}% 33
\BOOKMARK [2][-]{subsection.3.10}{\376\377\000F\000a\000m\000i\000l\000y\000\040\000o\000f\000\040\000S\000u\000b\000s\000e\000t\000s\000\040\000O\000p\000e\000r\000a\000t\000i\000o\000n\000s}{section.3}% 34
\BOOKMARK [1][-]{section.4}{\376\377\000R\000e\000l\000a\000t\000i\000o\000n\000s\000,\000\040\000M\000a\000p\000s\000\040\000a\000n\000d\000\040\000F\000u\000n\000c\000t\000i\000o\000n\000s}{}% 35
\BOOKMARK [2][-]{subsection.4.1}{\376\377\000T\000y\000p\000e\000s\000\040\000o\000f\000\040\000r\000e\000l\000a\000t\000i\000o\000n\000s}{section.4}% 36
\BOOKMARK [2][-]{subsection.4.2}{\376\377\000E\000q\000u\000i\000v\000a\000l\000e\000n\000c\000e\000\040\000r\000e\000l\000a\000t\000i\000o\000n}{section.4}% 37
\BOOKMARK [2][-]{subsection.4.3}{\376\377\000T\000h\000e\000\040\000G\000r\000a\000p\000h}{section.4}% 38
\BOOKMARK [2][-]{subsection.4.4}{\376\377\000T\000h\000e\000\040\000i\000d\000e\000n\000t\000i\000t\000y}{section.4}% 39
\BOOKMARK [2][-]{subsection.4.5}{\376\377\000I\000m\000a\000g\000e\000\040\000a\000n\000d\000\040\000D\000o\000m\000a\000i\000n}{section.4}% 40
\BOOKMARK [3][-]{subsubsection.4.5.1}{\376\377\000I\000m\000a\000g\000e}{subsection.4.5}% 41
\BOOKMARK [3][-]{subsubsection.4.5.2}{\376\377\000D\000o\000m\000a\000i\000n}{subsection.4.5}% 42
\BOOKMARK [2][-]{subsection.4.6}{\376\377\000E\000q\000u\000i\000v\000a\000l\000e\000n\000c\000e\000\040\000C\000l\000a\000s\000s}{section.4}% 43
\BOOKMARK [2][-]{subsection.4.7}{\376\377\000Q\000u\000o\000t\000i\000e\000n\000t\000\040\000S\000p\000a\000c\000e}{section.4}% 44
\BOOKMARK [2][-]{subsection.4.8}{\376\377\000D\000e\000f\000i\000n\000i\000t\000i\000o\000n\000\040\000o\000f\000\040\000a\000\040\000M\000a\000p}{section.4}% 45
\BOOKMARK [2][-]{subsection.4.9}{\376\377\000C\000o\000m\000p\000o\000s\000i\000t\000i\000o\000n\000\040\000o\000f\000\040\000M\000a\000p\000s}{section.4}% 46
\BOOKMARK [2][-]{subsection.4.10}{\376\377\000T\000y\000p\000e\000s\000\040\000o\000f\000\040\000F\000u\000n\000c\000t\000i\000o\000n\000s}{section.4}% 47
\BOOKMARK [3][-]{subsubsection.4.10.1}{\376\377\000I\000n\000j\000e\000c\000t\000i\000v\000e\000\040\000F\000u\000n\000c\000t\000i\000o\000n\000s}{subsection.4.10}% 48
\BOOKMARK [3][-]{subsubsection.4.10.2}{\376\377\000S\000u\000r\000j\000e\000c\000t\000i\000v\000e\000\040\000F\000u\000n\000c\000t\000i\000o\000n\000s}{subsection.4.10}% 49
\BOOKMARK [3][-]{subsubsection.4.10.3}{\376\377\000B\000i\000j\000e\000c\000t\000i\000v\000e\000\040\000F\000u\000n\000c\000t\000i\000o\000n\000s}{subsection.4.10}% 50
\BOOKMARK [2][-]{subsection.4.11}{\376\377\000P\000r\000o\000p\000o\000s\000i\000t\000i\000o\000n\000s\000\040\000o\000n\000\040\000I\000m\000a\000g\000e\000s\000\040\000a\000n\000d\000\040\000P\000r\000e\000i\000m\000a\000g\000e\000s\000\040\000u\000n\000d\000e\000r\000\040\000S\000e\000t\000\040\000O\000p\000e\000r\000a\000t\000i\000o\000n\000s}{section.4}% 51
\BOOKMARK [3][-]{subsubsection.4.11.1}{\376\377\000U\000n\000i\000o\000n\000\040\000a\000n\000d\000\040\000C\000u\000t\000\040\000S\000e\000t\000s}{subsection.4.11}% 52
\BOOKMARK [3][-]{subsubsection.4.11.2}{\376\377\000U\000n\000i\000o\000n\000\040\000a\000n\000d\000\040\000C\000u\000t\000\040\000o\000f\000\040\000t\000h\000e\000\040\000w\000h\000o\000l\000e\000\040\000D\000o\000m\000a\000i\000n\000\040\000a\000n\000d\000\040\000R\000a\000n\000g\000e}{subsection.4.11}% 53
\BOOKMARK [2][-]{subsection.4.12}{\376\377\000I\000n\000v\000e\000r\000s\000e\000\040\000o\000f\000\040\000a\000\040\000F\000u\000n\000c\000t\000i\000o\000n}{section.4}% 54
\BOOKMARK [3][-]{subsubsection.4.12.1}{\376\377\000S\000t\000e\000p\000s\000\040\000t\000o\000\040\000F\000i\000n\000d\000\040\000t\000h\000e\000\040\000I\000n\000v\000e\000r\000s\000e\000\040\000o\000f\000\040\000a\000\040\000F\000u\000n\000c\000t\000i\000o\000n}{subsection.4.12}% 55
\BOOKMARK [3][-]{subsubsection.4.12.2}{\376\377\000E\000x\000a\000m\000p\000l\000e\000:\000\040\000F\000i\000n\000d\000i\000n\000g\000\040\000t\000h\000e\000\040\000I\000n\000v\000e\000r\000s\000e\000\040\000o\000f\000\040}{subsection.4.12}% 56
\BOOKMARK [3][-]{subsubsection.4.12.3}{\376\377\000P\000r\000o\000p\000e\000r\000t\000i\000e\000s\000\040\000o\000f\000\040\000t\000h\000e\000\040\000I\000n\000v\000e\000r\000s\000e\000\040\000F\000u\000n\000c\000t\000i\000o\000n}{subsection.4.12}% 57
\BOOKMARK [2][-]{subsection.4.13}{\376\377\000T\000r\000a\000n\000s\000f\000o\000r\000m\000a\000t\000i\000o\000n\000s\000\040\000o\000f\000\040\000a\000\040\000F\000u\000n\000c\000t\000i\000o\000n}{section.4}% 58
\BOOKMARK [1][-]{section.5}{\376\377\000M\000a\000t\000h\000e\000m\000a\000t\000i\000c\000a\000l\000\040\000P\000r\000o\000o\000f\000s}{}% 59
\BOOKMARK [2][-]{subsection.5.1}{\376\377\000P\000r\000o\000o\000f\000\040\000b\000y\000\040\000D\000i\000r\000e\000c\000t\000\040\000A\000r\000g\000u\000m\000e\000n\000t}{section.5}% 60
\BOOKMARK [2][-]{subsection.5.2}{\376\377\000P\000r\000o\000o\000f\000\040\000b\000y\000\040\000C\000o\000n\000t\000r\000a\000d\000i\000c\000t\000i\000o\000n}{section.5}% 61
\BOOKMARK [2][-]{subsection.5.3}{\376\377\000P\000r\000o\000o\000f\000\040\000b\000y\000\040\000I\000n\000d\000u\000c\000t\000i\000o\000n}{section.5}% 62
\BOOKMARK [2][-]{subsection.5.4}{\376\377\000P\000r\000o\000o\000f\000\040\000b\000y\000\040\000E\000x\000h\000a\000u\000s\000t\000i\000o\000n}{section.5}% 63
\BOOKMARK [2][-]{subsection.5.5}{\376\377\000P\000r\000o\000o\000f\000\040\000b\000y\000\040\000C\000a\000s\000e\000s}{section.5}% 64
\BOOKMARK [2][-]{subsection.5.6}{\376\377\000P\000r\000o\000o\000f\000\040\000b\000y\000\040\000C\000o\000n\000s\000t\000r\000u\000c\000t\000i\000o\000n}{section.5}% 65
\BOOKMARK [2][-]{subsection.5.7}{\376\377\000P\000r\000o\000o\000f\000\040\000b\000y\000\040\000C\000o\000u\000n\000t\000e\000r\000e\000x\000a\000m\000p\000l\000e}{section.5}% 66
\BOOKMARK [2][-]{subsection.5.8}{\376\377\000P\000r\000o\000o\000f\000\040\000b\000y\000\040\000C\000o\000n\000t\000r\000a\000p\000o\000s\000i\000t\000i\000v\000e}{section.5}% 67
\BOOKMARK [2][-]{subsection.5.9}{\376\377\000P\000r\000o\000o\000f\000\040\000b\000y\000\040\000R\000e\000d\000u\000c\000t\000i\000o\000n\000\040\000t\000o\000\040\000A\000b\000s\000u\000r\000d\000i\000t\000y}{section.5}% 68
\BOOKMARK [2][-]{subsection.5.10}{\376\377\000P\000r\000o\000o\000f\000\040\000b\000y\000\040\000A\000n\000a\000l\000o\000g\000y}{section.5}% 69
\BOOKMARK [1][-]{section.6}{\376\377\000T\000h\000e\000\040\000N\000a\000t\000u\000r\000a\000l\000\040\000N\000u\000m\000b\000e\000r\000s}{}% 70
\BOOKMARK [2][-]{subsection.6.1}{\376\377\000P\000r\000o\000p\000o\000s\000i\000t\000i\000o\000n\000s\000\040\000a\000n\000d\000\040\000P\000r\000o\000o\000f\000s}{section.6}% 71
\BOOKMARK [3][-]{subsubsection.6.1.1}{\376\377\000P\000r\000o\000p\000o\000s\000i\000t\000i\000o\000n\000\040\0001\000:\000\040\000n\000!\000=\000\040\000m\000\040\000i\000m\000p\000l\000i\000e\000s\000\040\000S\000\040\000\050\000n\000\051\000!\000=\000S\000\040\000\050\000m\000\051}{subsection.6.1}% 72
\BOOKMARK [3][-]{subsubsection.6.1.2}{\376\377\000P\000r\000o\000p\000o\000s\000i\000t\000i\000o\000n\000\040\0002\000:\000\040\000F\000o\000r\000\040\000a\000n\000y\000\040\000n\000\040\000i\000n\000\040\000N\000,\000\040\000n\000!\000=\000\040\000S\000\040\000\050\000n\000\051}{subsection.6.1}% 73
\BOOKMARK [3][-]{subsubsection.6.1.3}{\376\377\000P\000r\000o\000p\000o\000s\000i\000t\000i\000o\000n\000\040\0003\000:\000\040\000n\000!\000=\000\040\0001\000,\000\040\000e\000x\000i\000s\000t\000s\000\040\000m\000\040\000i\000n\000\040\000N\000\040\000|\000\040\000n\000\040\000=\000\040\000S\000\040\000\050\000m\000\051}{subsection.6.1}% 74
\BOOKMARK [2][-]{subsection.6.2}{\376\377\000D\000e\000f\000i\000n\000i\000t\000i\000o\000n\000\040\000o\000f\000\040\000A\000d\000d\000i\000t\000i\000o\000n\000\040\000i\000n\000\040}{section.6}% 75
\BOOKMARK [1][-]{section.7}{\376\377\000T\000h\000e\000\040\000A\000r\000c\000h\000i\000m\000e\000d\000e\000a\000n\000\040\000P\000r\000i\000n\000c\000i\000p\000l\000e}{}% 76
\BOOKMARK [2][-]{subsection.7.1}{\376\377\000S\000t\000a\000t\000e\000m\000e\000n\000t}{section.7}% 77
\BOOKMARK [2][-]{subsection.7.2}{\376\377\000P\000r\000o\000o\000f}{section.7}% 78
\BOOKMARK [2][-]{subsection.7.3}{\376\377\000E\000q\000u\000i\000v\000a\000l\000e\000n\000t\000\040\000F\000o\000r\000m\000u\000l\000a\000t\000i\000o\000n\000s}{section.7}% 79
\BOOKMARK [2][-]{subsection.7.4}{\376\377\000A\000p\000p\000l\000i\000c\000a\000t\000i\000o\000n\000s}{section.7}% 80
\BOOKMARK [1][-]{section.8}{\376\377\000F\000u\000n\000d\000a\000m\000e\000n\000t\000a\000l\000\040\000T\000h\000e\000o\000r\000e\000m\000\040\000o\000f\000\040\000A\000r\000i\000t\000h\000m\000e\000t\000i\000c}{}% 81
\BOOKMARK [2][-]{subsection.8.1}{\376\377\000L\000e\000m\000m\000a\000s}{section.8}% 82
\BOOKMARK [2][-]{subsection.8.2}{\376\377\000P\000r\000o\000o\000f\000\040\000o\000f\000\040\000t\000h\000e\000\040\000F\000u\000n\000d\000a\000m\000e\000n\000t\000a\000l\000\040\000T\000h\000e\000o\000r\000e\000m}{section.8}% 83
\BOOKMARK [2][-]{subsection.8.3}{\376\377\000L\000e\000a\000s\000t\000\040\000C\000o\000m\000m\000o\000n\000\040\000M\000u\000l\000t\000i\000p\000l\000e}{section.8}% 84
\BOOKMARK [1][-]{section.9}{\376\377\000R\000e\000a\000l\000\040\000N\000u\000m\000b\000e\000r\000s}{}% 85
\BOOKMARK [2][-]{subsection.9.1}{\376\377\000D\000e\000f\000i\000n\000i\000t\000i\000o\000n}{section.9}% 86
\BOOKMARK [1][-]{section.10}{\376\377\000C\000o\000m\000p\000l\000e\000x\000\040\000N\000u\000m\000b\000e\000r\000s}{}% 87
\BOOKMARK [2][-]{subsection.10.1}{\376\377\000W\000h\000a\000t\000\040\000a\000r\000e\000\040\000C\000o\000m\000p\000l\000e\000x\000\040\000N\000u\000m\000b\000e\000r\000s\000?}{section.10}% 88
\BOOKMARK [2][-]{subsection.10.2}{\376\377\000T\000h\000e\000\040\000C\000o\000m\000p\000l\000e\000x\000\040\000P\000l\000a\000n\000e}{section.10}% 89
\BOOKMARK [2][-]{subsection.10.3}{\376\377\000C\000o\000n\000j\000u\000g\000a\000t\000e\000\040\000o\000f\000\040\000a\000\040\000C\000o\000m\000p\000l\000e\000x\000\040\000N\000u\000m\000b\000e\000r}{section.10}% 90
\BOOKMARK [2][-]{subsection.10.4}{\376\377\000O\000p\000e\000r\000a\000t\000i\000o\000n\000s\000\040\000i\000n\000\040\000C\000a\000r\000t\000e\000s\000i\000a\000n\000\040\000C\000o\000o\000r\000d\000i\000n\000a\000t\000e\000s}{section.10}% 91
\BOOKMARK [2][-]{subsection.10.5}{\376\377\000P\000o\000l\000a\000r\000\040\000C\000o\000o\000r\000d\000i\000n\000a\000t\000e\000s}{section.10}% 92
\BOOKMARK [2][-]{subsection.10.6}{\376\377\000M\000u\000l\000t\000i\000p\000l\000i\000c\000a\000t\000i\000o\000n\000\040\000a\000n\000d\000\040\000D\000i\000v\000i\000s\000i\000o\000n\000\040\000i\000n\000\040\000P\000o\000l\000a\000r\000\040\000C\000o\000o\000r\000d\000i\000n\000a\000t\000e\000s}{section.10}% 93
\BOOKMARK [2][-]{subsection.10.7}{\376\377\000E\000x\000p\000o\000n\000e\000n\000t\000i\000a\000t\000i\000o\000n\000\040\000a\000n\000d\000\040\000R\000o\000o\000t\000s\000\040\000\050\000D\000e\000\040\000M\000o\000i\000v\000r\000e\000'\000s\000\040\000T\000h\000e\000o\000r\000e\000m\000\051}{section.10}% 94
\BOOKMARK [3][-]{subsubsection.10.7.1}{\376\377\000E\000x\000p\000o\000n\000e\000n\000t\000i\000a\000t\000i\000o\000n}{subsection.10.7}% 95
\BOOKMARK [3][-]{subsubsection.10.7.2}{\376\377\000R\000o\000o\000t\000s\000\040\000o\000f\000\040\000C\000o\000m\000p\000l\000e\000x\000\040\000N\000u\000m\000b\000e\000r\000s}{subsection.10.7}% 96
\BOOKMARK [2][-]{subsection.10.8}{\376\377\000E\000x\000a\000m\000p\000l\000e\000:\000\040\000S\000o\000l\000v\000e\000\040}{section.10}% 97
\BOOKMARK [2][-]{subsection.10.9}{\376\377\000S\000o\000l\000v\000i\000n\000g\000\040\000E\000q\000u\000a\000t\000i\000o\000n\000s\000\040\000w\000i\000t\000h\000\040\000C\000o\000m\000p\000l\000e\000x\000\040\000N\000u\000m\000b\000e\000r\000s}{section.10}% 98
\BOOKMARK [3][-]{subsubsection.10.9.1}{\376\377\000E\000x\000a\000m\000p\000l\000e\000\040\0001\000:}{subsection.10.9}% 99
\BOOKMARK [3][-]{subsubsection.10.9.2}{\376\377\000E\000x\000a\000m\000p\000l\000e\000\040\0002\000:}{subsection.10.9}% 100
\BOOKMARK [2][-]{subsection.10.10}{\376\377\000T\000h\000e\000\040\000C\000o\000m\000p\000l\000e\000x\000\040\000L\000o\000g\000a\000r\000i\000t\000h\000m}{section.10}% 101
\BOOKMARK [2][-]{subsection.10.11}{\376\377\000C\000o\000m\000p\000l\000e\000x\000\040\000E\000x\000p\000o\000n\000e\000n\000t\000s}{section.10}% 102
\BOOKMARK [2][-]{subsection.10.12}{\376\377\000E\000u\000l\000e\000r\000'\000s\000\040\000F\000o\000r\000m\000u\000l\000a\000\040\000P\000r\000o\000o\000f}{section.10}% 103
\BOOKMARK [1][-]{section.11}{\376\377\000T\000o\000p\000o\000l\000o\000g\000y}{}% 104
\BOOKMARK [2][-]{subsection.11.1}{\376\377\000I\000n\000t\000r\000o\000d\000u\000c\000t\000i\000o\000n\000\040\000t\000o\000\040\000t\000o\000p\000o\000l\000o\000g\000i\000c\000a\000l\000\040\000n\000o\000m\000e\000n\000c\000l\000a\000t\000u\000r\000e}{section.11}% 105
\BOOKMARK [1][-]{section.12}{\376\377\000F\000r\000a\000c\000t\000i\000o\000n\000s\000,\000\040\000R\000o\000o\000t\000s\000,\000\040\000a\000n\000d\000\040\000E\000x\000p\000o\000n\000e\000n\000t\000s}{}% 106
\BOOKMARK [2][-]{subsection.12.1}{\376\377\000F\000r\000a\000c\000t\000i\000o\000n\000s}{section.12}% 107
\BOOKMARK [2][-]{subsection.12.2}{\376\377\000R\000o\000o\000t\000s\000\040\000a\000n\000d\000\040\000E\000x\000p\000o\000n\000e\000n\000t\000s}{section.12}% 108
\BOOKMARK [1][-]{section.13}{\376\377\000L\000o\000g\000a\000r\000i\000t\000h\000m\000s}{}% 109
\BOOKMARK [2][-]{subsection.13.1}{\376\377\000P\000r\000o\000p\000e\000r\000t\000i\000e\000s\000\040\000o\000f\000\040\000L\000o\000g\000a\000r\000i\000t\000h\000m\000s}{section.13}% 110
\BOOKMARK [2][-]{subsection.13.2}{\376\377\000F\000u\000n\000d\000a\000m\000e\000n\000t\000a\000l\000\040\000I\000d\000e\000n\000t\000i\000t\000y\000\040\000o\000f\000\040\000L\000o\000g\000a\000r\000i\000t\000h\000m\000s}{section.13}% 111
\BOOKMARK [2][-]{subsection.13.3}{\376\377\000C\000h\000a\000n\000g\000e\000\040\000o\000f\000\040\000B\000a\000s\000e\000\040\000F\000o\000r\000m\000u\000l\000a}{section.13}% 112
\BOOKMARK [2][-]{subsection.13.4}{\376\377\000T\000h\000e\000\040\000C\000h\000a\000i\000n\000\040\000R\000u\000l\000e}{section.13}% 113
\BOOKMARK [2][-]{subsection.13.5}{\376\377\000T\000h\000e\000\040\000d\000e\000r\000i\000v\000a\000t\000i\000v\000e\000\040\000o\000f\000\040\000t\000h\000e\000\040\000N\000a\000t\000u\000r\000a\000l\000\040\000L\000o\000g\000a\000r\000i\000t\000h\000m}{section.13}% 114
\BOOKMARK [1][-]{section.14}{\376\377\000S\000u\000m\000\040\000a\000n\000d\000\040\000P\000r\000o\000d\000u\000c\000t\000\040\000N\000o\000t\000a\000t\000i\000o\000n}{}% 115
\BOOKMARK [2][-]{subsection.14.1}{\376\377\000S\000u\000m\000\040\000N\000o\000t\000a\000t\000i\000o\000n\000\040\042\021}{section.14}% 116
\BOOKMARK [2][-]{subsection.14.2}{\376\377\000P\000r\000o\000d\000u\000c\000t\000\040\000N\000o\000t\000a\000t\000i\000o\000n\000\040\042\017}{section.14}% 117
\BOOKMARK [1][-]{section.15}{\376\377\000M\000e\000a\000n\000s\000\040\000a\000n\000d\000\040\000P\000r\000o\000o\000f\000s}{}% 118
\BOOKMARK [2][-]{subsection.15.1}{\376\377\000P\000r\000o\000o\000f\000\040\000o\000f\000\040\000t\000h\000e\000\040\000A\000r\000i\000t\000h\000m\000e\000t\000i\000c\000\040\000M\000e\000a\000n\000-\000G\000e\000o\000m\000e\000t\000r\000i\000c\000\040\000M\000e\000a\000n\000\040\000I\000n\000e\000q\000u\000a\000l\000i\000t\000y}{section.15}% 119
\BOOKMARK [2][-]{subsection.15.2}{\376\377\000P\000r\000o\000o\000f\000\040\000o\000f\000\040\000t\000h\000e\000\040\000H\000a\000r\000m\000o\000n\000i\000c\000\040\000M\000e\000a\000n\000\040\000G\000e\000o\000m\000e\000t\000r\000i\000c\000\040\000M\000e\000a\000n\000\040\000I\000n\000e\000q\000u\000a\000l\000i\000t\000y}{section.15}% 120
\BOOKMARK [1][-]{section.16}{\376\377\000S\000o\000l\000v\000i\000n\000g\000\040\000P\000o\000l\000y\000n\000o\000m\000i\000a\000l\000\040\000E\000q\000u\000a\000t\000i\000o\000n\000s}{}% 121
\BOOKMARK [2][-]{subsection.16.1}{\376\377\000T\000h\000e\000\040\000P\000Q\000\040\000F\000o\000r\000m\000u\000l\000a}{section.16}% 122
\BOOKMARK [2][-]{subsection.16.2}{\376\377\000T\000h\000e\000\040\000A\000B\000C\000\040\000F\000o\000r\000m\000u\000l\000a\000\040\000\050\000Q\000u\000a\000d\000r\000a\000t\000i\000c\000\040\000F\000o\000r\000m\000u\000l\000a\000\051}{section.16}% 123
\BOOKMARK [2][-]{subsection.16.3}{\376\377\000T\000h\000e\000\040\000C\000u\000b\000i\000c\000\040\000F\000o\000r\000m\000u\000l\000a}{section.16}% 124
\BOOKMARK [1][-]{section.17}{\376\377\000T\000h\000e\000\040\000F\000u\000n\000d\000a\000m\000e\000n\000t\000a\000l\000\040\000T\000h\000e\000o\000r\000e\000m\000\040\000o\000f\000\040\000A\000l\000g\000e\000b\000r\000a}{}% 125
\BOOKMARK [2][-]{subsection.17.1}{\376\377\000T\000h\000e\000o\000r\000e\000m\000\040\0001}{section.17}% 126
\BOOKMARK [2][-]{subsection.17.2}{\376\377\000T\000h\000e\000o\000r\000e\000m\000\040\0002}{section.17}% 127
\BOOKMARK [1][-]{section.18}{\376\377\000T\000h\000e\000\040\000B\000i\000n\000o\000m\000i\000a\000l\000\040\000C\000o\000e\000f\000f\000i\000c\000i\000e\000n\000t}{}% 128
\BOOKMARK [2][-]{subsection.18.1}{\376\377\000P\000r\000o\000p\000e\000r\000t\000i\000e\000s}{section.18}% 129
\BOOKMARK [2][-]{subsection.18.2}{\376\377\000T\000h\000e\000\040\000b\000i\000n\000o\000m\000i\000a\000l\000\040\000T\000h\000e\000o\000r\000e\000m\000e}{section.18}% 130
\BOOKMARK [1][-]{section.19}{\376\377\000P\000r\000o\000p\000o\000r\000t\000i\000o\000n\000a\000l\000i\000t\000y\000\040\000a\000n\000d\000\040\000t\000h\000e\000\040\000R\000u\000l\000e\000\040\000o\000f\000\040\000T\000h\000r\000e\000e}{}% 131
\BOOKMARK [2][-]{subsection.19.1}{\376\377\000P\000r\000o\000p\000o\000r\000t\000i\000o\000n\000a\000l\000i\000t\000y}{section.19}% 132
\BOOKMARK [2][-]{subsection.19.2}{\376\377\000T\000h\000e\000\040\000R\000u\000l\000e\000\040\000o\000f\000\040\000T\000h\000r\000e\000e\000\040\000\050\000S\000i\000m\000p\000l\000e\000\051}{section.19}% 133
\BOOKMARK [2][-]{subsection.19.3}{\376\377\000T\000h\000e\000\040\000R\000u\000l\000e\000\040\000o\000f\000\040\000T\000h\000r\000e\000e\000\040\000\050\000C\000o\000m\000p\000o\000u\000n\000d\000\051}{section.19}% 134
\BOOKMARK [1][-]{section.20}{\376\377\000F\000a\000c\000t\000o\000r\000i\000z\000a\000t\000i\000o\000n\000\040\000T\000e\000c\000h\000n\000i\000q\000u\000e\000s}{}% 135
\BOOKMARK [2][-]{subsection.20.1}{\376\377\000C\000o\000m\000m\000o\000n\000\040\000F\000a\000c\000t\000o\000r}{section.20}% 136
\BOOKMARK [2][-]{subsection.20.2}{\376\377\000D\000i\000f\000f\000e\000r\000e\000n\000c\000e\000\040\000o\000f\000\040\000S\000q\000u\000a\000r\000e\000s}{section.20}% 137
\BOOKMARK [2][-]{subsection.20.3}{\376\377\000S\000u\000m\000/\000D\000i\000f\000f\000e\000r\000e\000n\000c\000e\000\040\000o\000f\000\040\000C\000u\000b\000e\000s}{section.20}% 138
\BOOKMARK [2][-]{subsection.20.4}{\376\377\000T\000r\000i\000n\000o\000m\000i\000a\000l\000:\000\040\000G\000e\000n\000e\000r\000a\000l\000\040\000F\000o\000r\000m\000\040\000a\000x\000\262\000\040\000+\000\040\000b\000x\000\040\000+\000\040\000c}{section.20}% 139
\BOOKMARK [2][-]{subsection.20.5}{\376\377\000T\000r\000i\000n\000o\000m\000i\000a\000l\000:\000\040\000S\000p\000e\000c\000i\000a\000l\000\040\000C\000a\000s\000e\000\040\000x\000\262\000\040\000+\000\040\000b\000x\000\040\000+\000\040\000c}{section.20}% 140
\BOOKMARK [2][-]{subsection.20.6}{\376\377\000P\000e\000r\000f\000e\000c\000t\000\040\000S\000q\000u\000a\000r\000e\000\040\000T\000r\000i\000n\000o\000m\000i\000a\000l\000s}{section.20}% 141
\BOOKMARK [2][-]{subsection.20.7}{\376\377\000S\000u\000b\000s\000t\000i\000t\000u\000t\000i\000o\000n}{section.20}% 142
\BOOKMARK [2][-]{subsection.20.8}{\376\377\000R\000a\000t\000i\000o\000n\000a\000l\000i\000z\000a\000t\000i\000o\000n\000\040\000o\000f\000\040\000R\000a\000d\000i\000c\000a\000l\000s}{section.20}% 143
\BOOKMARK [2][-]{subsection.20.9}{\376\377\000R\000u\000f\000f\000i\000n\000i\040\031\000s\000\040\000R\000u\000l\000e\000\040\000\050\000H\000o\000r\000n\000e\000r\040\031\000s\000\040\000M\000e\000t\000h\000o\000d\000\051}{section.20}% 144
\BOOKMARK [2][-]{subsection.20.10}{\376\377\000L\000o\000n\000g\000\040\000D\000i\000v\000i\000s\000i\000o\000n\000\040\000o\000f\000\040\000P\000o\000l\000y\000n\000o\000m\000i\000a\000l\000s}{section.20}% 145
\BOOKMARK [1][-]{section.21}{\376\377\000P\000a\000r\000t\000i\000a\000l\000\040\000F\000r\000a\000c\000t\000i\000o\000n\000s}{}% 146
\BOOKMARK [2][-]{subsection.21.1}{\376\377\000T\000h\000e\000\040\000S\000i\000m\000p\000l\000e\000s\000t\000\040\000C\000a\000s\000e}{section.21}% 147
\BOOKMARK [3][-]{subsubsection.21.1.1}{\376\377\000L\000e\000m\000m\000a\000\040\0001}{subsection.21.1}% 148
\BOOKMARK [3][-]{subsubsection.21.1.2}{\376\377\000R\000e\000c\000u\000r\000s\000i\000v\000e\000\040\000D\000e\000c\000o\000m\000p\000o\000s\000i\000t\000i\000o\000n}{subsection.21.1}% 149
\BOOKMARK [2][-]{subsection.21.2}{\376\377\000L\000e\000m\000m\000a\000\040\0002}{section.21}% 150
\BOOKMARK [1][-]{section.22}{\376\377\000S\000o\000l\000v\000i\000n\000g\000\040\000I\000n\000e\000q\000u\000a\000l\000i\000t\000i\000e\000s}{}% 151
\BOOKMARK [2][-]{subsection.22.1}{\376\377\000B\000a\000s\000i\000c\000\040\000P\000r\000i\000n\000c\000i\000p\000l\000e\000s}{section.22}% 152
\BOOKMARK [2][-]{subsection.22.2}{\376\377\000I\000n\000e\000q\000u\000a\000l\000i\000t\000i\000e\000s\000\040\000I\000n\000v\000o\000l\000v\000i\000n\000g\000\040\000A\000b\000s\000o\000l\000u\000t\000e\000\040\000V\000a\000l\000u\000e}{section.22}% 153
\BOOKMARK [3][-]{subsubsection.22.2.1}{\376\377\000E\000x\000a\000m\000p\000l\000e\000:\000\040\000|\000x\000\040\000+\000\040\0001\000|\000\040\0001\0000\000\040\000+\000\040\000|\0002\000x\000\040\000-\000\040\0006\000|}{subsection.22.2}% 154
\BOOKMARK [1][-]{section.23}{\376\377\000G\000e\000o\000m\000e\000t\000r\000y}{}% 155
\BOOKMARK [2][-]{subsection.23.1}{\376\377\000F\000o\000r\000m\000u\000l\000a\000s\000\040\000f\000o\000r\000\040\000A\000r\000e\000a\000\040\000a\000n\000d\000\040\000P\000e\000r\000i\000m\000e\000t\000e\000r\000\040\000o\000f\000\040\000G\000e\000o\000m\000e\000t\000r\000i\000c\000\040\000F\000i\000g\000u\000r\000e\000s}{section.23}% 156
\BOOKMARK [2][-]{subsection.23.2}{\376\377\000F\000o\000r\000m\000u\000l\000a\000s\000\040\000f\000o\000r\000\040\000A\000r\000e\000a\000\040\000a\000n\000d\000\040\000V\000o\000l\000u\000m\000e\000\040\000o\000f\000\040\0003\000D\000\040\000G\000e\000o\000m\000e\000t\000r\000i\000c\000\040\000F\000i\000g\000u\000r\000e\000s}{section.23}% 157
\BOOKMARK [2][-]{subsection.23.3}{\376\377\000T\000h\000a\000l\000e\000s\000'\000\040\000T\000h\000e\000o\000r\000e\000m}{section.23}% 158
\BOOKMARK [2][-]{subsection.23.4}{\376\377\000C\000o\000n\000v\000e\000r\000s\000i\000o\000n\000\040\000B\000e\000t\000w\000e\000e\000n\000\040\000R\000a\000d\000i\000a\000n\000s\000\040\000a\000n\000d\000\040\000D\000e\000g\000r\000e\000e\000s}{section.23}% 159
\BOOKMARK [2][-]{subsection.23.5}{\376\377\0003\000D\000\040\000G\000e\000o\000m\000e\000t\000r\000i\000c\000\040\000F\000i\000g\000u\000r\000e\000s\000\040\000w\000i\000t\000h\000\040\000F\000o\000r\000m\000u\000l\000a\000s}{section.23}% 160
\BOOKMARK [3][-]{subsubsection.23.5.1}{\376\377\000C\000u\000b\000e\000\040\000a\000n\000d\000\040\000C\000y\000l\000i\000n\000d\000e\000r}{subsection.23.5}% 161
\BOOKMARK [3][-]{subsubsection.23.5.2}{\376\377\000C\000o\000n\000e\000\040\000a\000n\000d\000\040\000S\000p\000h\000e\000r\000e}{subsection.23.5}% 162
\BOOKMARK [3][-]{subsubsection.23.5.3}{\376\377\000P\000y\000r\000a\000m\000i\000d\000\040\000a\000n\000d\000\040\000P\000r\000i\000s\000m}{subsection.23.5}% 163
\BOOKMARK [2][-]{subsection.23.6}{\376\377\000I\000n\000t\000e\000r\000c\000e\000p\000t\000\040\000T\000h\000e\000o\000r\000e\000m\000s}{section.23}% 164
\BOOKMARK [3][-]{subsubsection.23.6.1}{\376\377\000F\000i\000r\000s\000t\000\040\000I\000n\000t\000e\000r\000c\000e\000p\000t\000\040\000T\000h\000e\000o\000r\000e\000m}{subsection.23.6}% 165
\BOOKMARK [3][-]{subsubsection.23.6.2}{\376\377\000S\000e\000c\000o\000n\000d\000\040\000I\000n\000t\000e\000r\000c\000e\000p\000t\000\040\000T\000h\000e\000o\000r\000e\000m\000\040\000\050\000G\000e\000n\000e\000r\000a\000l\000\040\000F\000o\000r\000m\000\051}{subsection.23.6}% 166
\BOOKMARK [1][-]{section.24}{\376\377\000T\000r\000i\000g\000o\000n\000o\000m\000e\000t\000r\000y}{}% 167
\BOOKMARK [2][-]{subsection.24.1}{\376\377\000T\000r\000i\000g\000o\000n\000o\000m\000e\000t\000r\000i\000c\000\040\000F\000u\000n\000c\000t\000i\000o\000n\000s}{section.24}% 168
\BOOKMARK [2][-]{subsection.24.2}{\376\377\000S\000O\000H\000-\000C\000A\000H\000-\000T\000O\000A}{section.24}% 169
\BOOKMARK [2][-]{subsection.24.3}{\376\377\000P\000y\000t\000h\000a\000g\000o\000r\000e\000a\000n\000\040\000I\000d\000e\000n\000t\000i\000t\000i\000e\000s}{section.24}% 170
\BOOKMARK [2][-]{subsection.24.4}{\376\377\000S\000u\000m\000\040\000a\000n\000d\000\040\000D\000i\000f\000f\000e\000r\000e\000n\000c\000e\000\040\000F\000o\000r\000m\000u\000l\000a\000s}{section.24}% 171
\BOOKMARK [2][-]{subsection.24.5}{\376\377\000D\000o\000u\000b\000l\000e\000\040\000A\000n\000g\000l\000e\000\040\000F\000o\000r\000m\000u\000l\000a\000s}{section.24}% 172
\BOOKMARK [2][-]{subsection.24.6}{\376\377\000H\000a\000l\000f\000\040\000A\000n\000g\000l\000e\000\040\000F\000o\000r\000m\000u\000l\000a\000s}{section.24}% 173
\BOOKMARK [2][-]{subsection.24.7}{\376\377\000P\000r\000o\000d\000u\000c\000t\000\040\000t\000o\000\040\000S\000u\000m\000\040\000F\000o\000r\000m\000u\000l\000a\000s}{section.24}% 174
\BOOKMARK [2][-]{subsection.24.8}{\376\377\000P\000o\000w\000e\000r\000\040\000R\000e\000d\000u\000c\000i\000n\000g\000\040\000F\000o\000r\000m\000u\000l\000a\000s}{section.24}% 175
\BOOKMARK [2][-]{subsection.24.9}{\376\377\000E\000v\000e\000n\000\040\000a\000n\000d\000\040\000O\000d\000d\000\040\000F\000u\000n\000c\000t\000i\000o\000n\000s}{section.24}% 176
\BOOKMARK [2][-]{subsection.24.10}{\376\377\000G\000r\000a\000p\000h\000\040\000I\000d\000e\000n\000t\000i\000t\000y}{section.24}% 177
\BOOKMARK [2][-]{subsection.24.11}{\376\377\000T\000r\000i\000g\000o\000n\000o\000m\000e\000t\000r\000i\000c\000\040\000V\000a\000l\000u\000e\000s}{section.24}% 178
\BOOKMARK [1][-]{section.25}{\376\377\000L\000i\000n\000e\000a\000r\000\040\000S\000y\000s\000t\000e\000m\000s\000\040\000o\000f\000\040\000E\000q\000u\000a\000t\000i\000o\000n\000s}{}% 179
\BOOKMARK [2][-]{subsection.25.1}{\376\377\000M\000a\000t\000r\000i\000x\000\040\000R\000e\000p\000r\000e\000s\000e\000n\000t\000a\000t\000i\000o\000n}{section.25}% 180
\BOOKMARK [2][-]{subsection.25.2}{\376\377\000G\000a\000u\000s\000s\000i\000a\000n\000\040\000E\000l\000i\000m\000i\000n\000a\000t\000i\000o\000n}{section.25}% 181
\BOOKMARK [2][-]{subsection.25.3}{\376\377\000G\000a\000u\000s\000s\000-\000J\000o\000r\000d\000a\000n\000\040\000E\000l\000i\000m\000i\000n\000a\000t\000i\000o\000n}{section.25}% 182
\BOOKMARK [2][-]{subsection.25.4}{\376\377\000H\000o\000m\000o\000g\000e\000n\000e\000o\000u\000s\000\040\000L\000i\000n\000e\000a\000r\000\040\000E\000q\000u\000a\000t\000i\000o\000n\000s}{section.25}% 183
\BOOKMARK [2][-]{subsection.25.5}{\376\377\000P\000a\000r\000t\000i\000c\000u\000l\000a\000r\000\040\000S\000o\000l\000u\000t\000i\000o\000n}{section.25}% 184
\BOOKMARK [2][-]{subsection.25.6}{\376\377\000G\000e\000n\000e\000r\000a\000l\000\040\000=\000\040\000P\000a\000r\000t\000i\000c\000u\000l\000a\000r\000\040\000+\000\040\000H\000o\000m\000o\000g\000e\000n\000e\000o\000u\000s}{section.25}% 185
\BOOKMARK [2][-]{subsection.25.7}{\376\377\000L\000i\000n\000e\000a\000r\000\040\000C\000o\000m\000b\000i\000n\000a\000t\000i\000o\000n\000\040\000L\000e\000m\000m\000a}{section.25}% 186
\BOOKMARK [2][-]{subsection.25.8}{\376\377\000E\000x\000a\000m\000p\000l\000e\000:\000\040\000G\000a\000u\000s\000s\000i\000a\000n\000\040\000E\000l\000i\000m\000i\000n\000a\000t\000i\000o\000n\000\040\000w\000i\000t\000h\000\040\0003\000\040\000E\000q\000u\000a\000t\000i\000o\000n\000s\000\040\000a\000n\000d\000\040\0004\000\040\000U\000n\000k\000n\000o\000w\000n\000s}{section.25}% 187
\BOOKMARK [2][-]{subsection.25.9}{\376\377\000T\000h\000e\000\040\000D\000e\000t\000e\000r\000m\000i\000n\000a\000n\000t\000,\000\040\000t\000h\000e\000\040\000c\000r\000o\000s\000s\000\040\000p\000r\000o\000d\000u\000c\000t\000\040\000a\000n\000d\000\040\000t\000h\000e\000\040\000s\000o\000l\000u\000t\000i\000o\000n\000s\000\040\000o\000f\000\040\000l\000i\000n\000e\000a\000r\000\040\000S\000y\000s\000t\000e\000m\000s\000\040\000o\000f\000\040\000E\000q\000u\000a\000t\000i\000o\000n\000s}{section.25}% 188
\BOOKMARK [1][-]{section.26}{\376\377\000A\000n\000a\000l\000y\000t\000i\000c\000a\000l\000\040\000G\000e\000o\000m\000e\000t\000r\000y}{}% 189
\BOOKMARK [2][-]{subsection.26.1}{\376\377\000V\000e\000c\000t\000o\000r\000s\000\040\000a\000n\000d\000\040\000P\000o\000i\000n\000t\000s}{section.26}% 190
\BOOKMARK [2][-]{subsection.26.2}{\376\377\000V\000e\000c\000t\000o\000r\000\040\000A\000d\000d\000i\000t\000i\000o\000n\000\040\000a\000n\000d\000\040\000S\000c\000a\000l\000a\000r\000\040\000M\000u\000l\000t\000i\000p\000l\000i\000c\000a\000t\000i\000o\000n}{section.26}% 191
\BOOKMARK [2][-]{subsection.26.3}{\376\377\000E\000q\000u\000a\000t\000i\000o\000n\000\040\000o\000f\000\040\000a\000\040\000L\000i\000n\000e}{section.26}% 192
\BOOKMARK [2][-]{subsection.26.4}{\376\377\000E\000q\000u\000a\000t\000i\000o\000n\000\040\000o\000f\000\040\000a\000\040\000P\000l\000a\000n\000e}{section.26}% 193
\BOOKMARK [2][-]{subsection.26.5}{\376\377\000S\000c\000a\000l\000a\000r\000\040\000\050\000D\000o\000t\000\051\000\040\000P\000r\000o\000d\000u\000c\000t}{section.26}% 194
\BOOKMARK [2][-]{subsection.26.6}{\376\377\000L\000e\000n\000g\000t\000h\000\040\000\050\000N\000o\000r\000m\000\051\000\040\000o\000f\000\040\000a\000\040\000V\000e\000c\000t\000o\000r}{section.26}% 195
\BOOKMARK [2][-]{subsection.26.7}{\376\377\000A\000n\000g\000l\000e\000\040\000R\000e\000l\000a\000t\000i\000o\000n\000s}{section.26}% 196
\BOOKMARK [2][-]{subsection.26.8}{\376\377\000L\000i\000n\000e\000\040\000R\000e\000l\000a\000t\000i\000o\000n\000s}{section.26}% 197
\BOOKMARK [2][-]{subsection.26.9}{\376\377\000N\000o\000r\000m\000a\000l\000i\000z\000a\000t\000i\000o\000n\000\040\000o\000f\000\040\000a\000\040\000v\000e\000c\000t\000o\000r}{section.26}% 198
\BOOKMARK [2][-]{subsection.26.10}{\376\377\000O\000r\000t\000h\000o\000g\000o\000n\000a\000l\000\040\000V\000e\000c\000t\000o\000r\000s\000\040\000a\000n\000d\000\040\000t\000h\000e\000\040\000O\000r\000t\000h\000o\000g\000o\000n\000a\000l\000\040\000P\000r\000o\000j\000e\000c\000t\000i\000o\000n}{section.26}% 199
\BOOKMARK [2][-]{subsection.26.11}{\376\377\000T\000h\000e\000\040\000C\000r\000o\000s\000s\000\040\000P\000r\000o\000d\000u\000c\000t}{section.26}% 200
\BOOKMARK [2][-]{subsection.26.12}{\376\377\000O\000r\000t\000h\000o\000g\000o\000n\000a\000l\000\040\000v\000e\000c\000t\000o\000r\000s\000\040\000i\000n\000\040}{section.26}% 201
\BOOKMARK [3][-]{subsubsection.26.12.1}{\376\377\000O\000r\000t\000h\000o\000g\000o\000n\000a\000l\000\040\000v\000e\000c\000t\000o\000r\000s\000\040\000i\000n\000\040}{subsection.26.12}% 202
\BOOKMARK [3][-]{subsubsection.26.12.2}{\376\377\000O\000r\000t\000h\000o\000g\000o\000n\000a\000l\000\040\000v\000e\000c\000t\000o\000r\000s\000\040\000i\000n\000\040}{subsection.26.12}% 203
\BOOKMARK [2][-]{subsection.26.13}{\376\377\000H\000e\000s\000s\000i\000a\000n\000\040\000N\000o\000r\000m\000a\000l\000\040\000F\000o\000r\000m}{section.26}% 204
\BOOKMARK [2][-]{subsection.26.14}{\376\377\000C\000o\000n\000v\000e\000r\000t\000i\000n\000g\000\040\000f\000r\000o\000m\000\040\000t\000h\000e\000\040\000p\000a\000r\000a\000m\000e\000t\000r\000i\000c\000\040\000f\000o\000r\000m\000\040\000t\000o\000\040\000t\000h\000e\000\040\000H\000e\000s\000s\000i\000a\000n\000\040\000n\000o\000r\000m\000a\000l\000\040\000f\000o\000r\000m}{section.26}% 205
\BOOKMARK [2][-]{subsection.26.15}{\376\377\000C\000o\000n\000v\000e\000r\000t\000i\000n\000g\000\040\000f\000r\000o\000m\000\040\000t\000h\000e\000\040\000H\000e\000s\000s\000i\000a\000n\000\040\000n\000o\000r\000m\000a\000l\000\040\000f\000o\000r\000m\000\040\000t\000o\000\040\000t\000h\000e\000\040\000p\000a\000r\000a\000m\000e\000t\000r\000i\000c\000\040\000f\000o\000r\000m}{section.26}% 206
\BOOKMARK [2][-]{subsection.26.16}{\376\377\000P\000r\000o\000p\000e\000r\000t\000i\000e\000s\000\040\000o\000f\000\040\000l\000i\000n\000e\000s\000\040\000a\000n\000d\000\040\000p\000l\000a\000n\000e\000s}{section.26}% 207
\BOOKMARK [2][-]{subsection.26.17}{\376\377\000C\000o\000n\000v\000e\000r\000t\000\040\000N\000o\000r\000m\000a\000l\000\040\000V\000e\000c\000t\000o\000r\000\040\000i\000n\000\040\000T\000w\000o\000\040\000D\000i\000r\000e\000c\000t\000i\000o\000n\000\040\000V\000e\000c\000t\000o\000r\000s}{section.26}% 208
\BOOKMARK [2][-]{subsection.26.18}{\376\377\000I\000n\000t\000e\000r\000s\000e\000c\000t\000i\000o\000n\000\040\000b\000e\000t\000w\000e\000e\000n\000\040\000L\000i\000n\000e\000\040\000a\000n\000d\000\040\000P\000l\000a\000n\000e}{section.26}% 209
\BOOKMARK [2][-]{subsection.26.19}{\376\377\000D\000i\000s\000t\000a\000n\000c\000e\000s\000\040\000b\000e\000t\000w\000e\000e\000n\000\040\000p\000o\000i\000n\000t\000s\000,\000\040\000l\000i\000n\000e\000s\000\040\000a\000n\000d\000\040\000p\000l\000a\000n\000e\000s}{section.26}% 210
\BOOKMARK [3][-]{subsubsection.26.19.1}{\376\377\000E\000x\000a\000m\000p\000l\000e\000:\000\040\000D\000i\000s\000t\000a\000n\000c\000e\000\040\000B\000e\000t\000w\000e\000e\000n\000\040\000T\000w\000o\000\040\000S\000k\000e\000w\000\040\000L\000i\000n\000e\000s}{subsection.26.19}% 211
\BOOKMARK [2][-]{subsection.26.20}{\376\377\000F\000o\000o\000t\000\040\000o\000f\000\040\000t\000h\000e\000\040\000P\000e\000r\000p\000e\000n\000d\000i\000c\000u\000l\000a\000r\000\040\000a\000n\000d\000\040\000M\000i\000r\000r\000o\000r\000\040\000P\000o\000i\000n\000t}{section.26}% 212
\BOOKMARK [3][-]{subsubsection.26.20.1}{\376\377\000F\000o\000o\000t\000\040\000o\000f\000\040\000t\000h\000e\000\040\000P\000e\000r\000p\000e\000n\000d\000i\000c\000u\000l\000a\000r}{subsection.26.20}% 213
\BOOKMARK [3][-]{subsubsection.26.20.2}{\376\377\000M\000i\000r\000r\000o\000r\000\040\000P\000o\000i\000n\000t}{subsection.26.20}% 214
\BOOKMARK [1][-]{section.27}{\376\377\000A\000l\000g\000e\000b\000r\000a\000i\000c\000\040\000S\000t\000r\000u\000c\000t\000u\000r\000e\000s}{}% 215
\BOOKMARK [2][-]{subsection.27.1}{\376\377\000I\000n\000t\000r\000o\000d\000u\000c\000t\000i\000o\000n}{section.27}% 216
\BOOKMARK [2][-]{subsection.27.2}{\376\377\000O\000p\000e\000r\000a\000t\000i\000o\000n\000s\000:\000\040\000I\000n\000t\000e\000r\000n\000a\000l\000\040\000a\000n\000d\000\040\000E\000x\000t\000e\000r\000n\000a\000l}{section.27}% 217
\BOOKMARK [2][-]{subsection.27.3}{\376\377\000P\000r\000o\000p\000e\000r\000t\000i\000e\000s\000\040\000o\000f\000\040\000O\000p\000e\000r\000a\000t\000i\000o\000n\000s}{section.27}% 218
\BOOKMARK [2][-]{subsection.27.4}{\376\377\000H\000o\000m\000o\000m\000o\000r\000p\000h\000i\000s\000m\000s\000\040\000a\000n\000d\000\040\000I\000s\000o\000m\000o\000r\000p\000h\000i\000s\000m\000s}{section.27}% 219
\BOOKMARK [2][-]{subsection.27.5}{\376\377\000C\000o\000m\000m\000o\000n\000\040\000A\000l\000g\000e\000b\000r\000a\000i\000c\000\040\000S\000t\000r\000u\000c\000t\000u\000r\000e\000s}{section.27}% 220
\BOOKMARK [1][-]{section.28}{\376\377\000V\000e\000c\000t\000o\000r\000\040\000S\000p\000a\000c\000e\000s}{}% 221
\BOOKMARK [2][-]{subsection.28.1}{\376\377\000D\000e\000f\000i\000n\000i\000t\000i\000o\000n}{section.28}% 222
\BOOKMARK [2][-]{subsection.28.2}{\376\377\000E\000x\000a\000m\000p\000l\000e\000s}{section.28}% 223
\BOOKMARK [2][-]{subsection.28.3}{\376\377\000S\000u\000b\000s\000p\000a\000c\000e\000s}{section.28}% 224
\BOOKMARK [2][-]{subsection.28.4}{\376\377\000L\000i\000n\000e\000a\000r\000\040\000C\000o\000m\000b\000i\000n\000a\000t\000i\000o\000n\000s}{section.28}% 225
\BOOKMARK [2][-]{subsection.28.5}{\376\377\000P\000r\000o\000p\000e\000r\000t\000i\000e\000s\000\040\000o\000f\000\040\000t\000h\000e\000\040\000s\000u\000b\000s\000p\000a\000c\000e\000s}{section.28}% 226
\BOOKMARK [2][-]{subsection.28.6}{\376\377\000L\000i\000n\000e\000a\000r\000\040\000I\000n\000d\000e\000p\000e\000n\000d\000e\000n\000c\000e}{section.28}% 227
\BOOKMARK [3][-]{subsubsection.28.6.1}{\376\377\000P\000r\000o\000p\000e\000r\000t\000i\000e\000s\000\040\000o\000f\000\040\000t\000h\000e\000\040\000l\000i\000n\000e\000a\000r\000\040\000i\000n\000d\000e\000p\000e\000n\000d\000e\000n\000c\000e}{subsection.28.6}% 228
\BOOKMARK [2][-]{subsection.28.7}{\376\377\000B\000a\000s\000e}{section.28}% 229
\BOOKMARK [2][-]{subsection.28.8}{\376\377\000D\000i\000m\000e\000n\000s\000i\000o\000n}{section.28}% 230
\BOOKMARK [3][-]{subsubsection.28.8.1}{\376\377\000H\000o\000w\000\040\000t\000o\000\040\000f\000i\000n\000d\000\040\000t\000h\000e\000\040\000b\000a\000s\000e\000\040\000o\000f\000\040\000a\000\040\000s\000e\000t\000\040\000v\000e\000c\000t\000o\000r}{subsection.28.8}% 231
\BOOKMARK [2][-]{subsection.28.9}{\376\377\000B\000a\000s\000i\000s\000\040\000E\000x\000t\000e\000n\000s\000i\000o\000n\000\040\000T\000h\000e\000o\000r\000e\000m}{section.28}% 232
\BOOKMARK [2][-]{subsection.28.10}{\376\377\000E\000x\000c\000h\000a\000n\000g\000e\000\040\000L\000e\000m\000m\000a}{section.28}% 233
\BOOKMARK [2][-]{subsection.28.11}{\376\377\000D\000i\000m\000e\000n\000s\000i\000o\000n\000\040\000o\000f\000\040\000a\000\040\000s\000u\000m\000\040\000o\000f\000\040\000s\000u\000b\000s\000p\000a\000c\000e\000s}{section.28}% 234
\BOOKMARK [2][-]{subsection.28.12}{\376\377\000L\000i\000n\000e\000a\000r\000\040\000I\000n\000d\000e\000p\000e\000n\000d\000e\000n\000c\000e\000\040\000o\000f\000\040\000p\000o\000l\000y\000n\000o\000m\000i\000a\000l\000s}{section.28}% 235
\BOOKMARK [2][-]{subsection.28.13}{\376\377\000I\000n\000t\000e\000r\000p\000o\000l\000a\000t\000i\000o\000n\000\040\000P\000o\000l\000y\000n\000o\000m\000i\000a\000l}{section.28}% 236
\BOOKMARK [3][-]{subsubsection.28.13.1}{\376\377\000E\000x\000a\000m\000p\000l\000e\000\040\000o\000f\000\040\000t\000h\000e\000\040\000i\000n\000t\000e\000r\000p\000o\000l\000a\000t\000i\000o\000n\000\040\000p\000o\000l\000y\000n\000o\000m\000i\000a\000l}{subsection.28.13}% 237
\BOOKMARK [1][-]{section.29}{\376\377\000D\000o\000t\000\040\000P\000r\000o\000d\000u\000c\000t\000,\000\040\000E\000u\000c\000l\000i\000d\000e\000a\000n\000\040\000a\000n\000d\000\040\000U\000n\000i\000t\000a\000r\000y\000\040\000S\000p\000a\000c\000e}{}% 238
\BOOKMARK [2][-]{subsection.29.1}{\376\377\000S\000c\000a\000l\000a\000r\000\040\000P\000r\000o\000d\000u\000c\000t}{section.29}% 239
\BOOKMARK [2][-]{subsection.29.2}{\376\377\000S\000t\000a\000n\000d\000a\000r\000d\000\040\000S\000c\000a\000l\000a\000r\000\040\000P\000r\000o\000d\000u\000c\000t\000\040\000f\000o\000r\000\040\000C\000o\000m\000p\000l\000e\000x\000\040\000N\000u\000m\000b\000e\000r}{section.29}% 240
\BOOKMARK [2][-]{subsection.29.3}{\376\377\000S\000c\000a\000l\000a\000r\000\040\000P\000r\000o\000d\000u\000c\000t\000\040\000o\000n\000\040\000\040\000C\000[\000a\000,\000\040\000b\000]\000\040}{section.29}% 241
\BOOKMARK [2][-]{subsection.29.4}{\376\377\000E\000u\000c\000l\000i\000d\000e\000a\000n\000\040\000a\000n\000d\000\040\000U\000n\000i\000t\000a\000r\000y\000\040\000V\000e\000c\000t\000o\000r\000\040\000S\000p\000a\000c\000e\000s}{section.29}% 242
\BOOKMARK [2][-]{subsection.29.5}{\376\377\000N\000o\000r\000m\000s\000\040\000i\000n\000\040\000V\000e\000c\000t\000o\000r\000\040\000S\000p\000a\000c\000e\000s}{section.29}% 243
\BOOKMARK [3][-]{subsubsection.29.5.1}{\376\377\000I\000n\000d\000u\000c\000e\000d\000\040\000N\000o\000r\000m\000\040\000b\000y\000\040\000a\000\040\000S\000c\000a\000l\000a\000r\000\040\000P\000r\000o\000d\000u\000c\000t}{subsection.29.5}% 244
\BOOKMARK [2][-]{subsection.29.6}{\376\377\000C\000a\000u\000c\000h\000y\000-\000S\000c\000h\000w\000a\000r\000z\000\040\000I\000n\000e\000q\000u\000a\000l\000i\000t\000y\000\040\000i\000n\000\040\000U\000n\000i\000t\000a\000r\000y\000\040\000V\000e\000c\000t\000o\000r\000\040\000S\000p\000a\000c\000e\000s}{section.29}% 245
\BOOKMARK [1][-]{section.30}{\376\377\000O\000r\000t\000h\000o\000g\000o\000n\000a\000l\000i\000t\000y}{}% 246
\BOOKMARK [2][-]{subsection.30.1}{\376\377\000O\000r\000t\000h\000o\000g\000o\000n\000a\000l\000i\000t\000y\000\040\000a\000n\000d\000\040\000P\000r\000o\000j\000e\000c\000t\000i\000o\000n}{section.30}% 247
\BOOKMARK [2][-]{subsection.30.2}{\376\377\000O\000r\000t\000h\000o\000g\000o\000n\000a\000l\000\040\000P\000r\000o\000j\000e\000c\000t\000i\000o\000n\000\040\000a\000n\000d\000\040\000O\000r\000t\000h\000o\000g\000o\000n\000a\000l\000\040\000C\000o\000m\000p\000l\000e\000m\000e\000n\000t}{section.30}% 248
\BOOKMARK [2][-]{subsection.30.3}{\376\377\000O\000r\000t\000h\000o\000g\000o\000n\000a\000l\000i\000t\000y\000\040\000o\000f\000\040\000t\000h\000e\000\040\000b\000a\000s\000i\000s\000\040\000t\000o\000\040\000t\000h\000e\000\040\000C\000o\000m\000p\000l\000e\000m\000e\000n\000t}{section.30}% 249
\BOOKMARK [2][-]{subsection.30.4}{\376\377\000H\000o\000w\000\040\000t\000o\000\040\000f\000i\000n\000d\000\040\000t\000h\000e\000\040\000o\000r\000t\000h\000o\000g\000o\000n\000a\000l\000\040\000c\000o\000m\000p\000l\000e\000m\000e\000n\000t}{section.30}% 250
\BOOKMARK [2][-]{subsection.30.5}{\376\377\000O\000r\000t\000h\000o\000g\000o\000n\000a\000l\000\040\000a\000n\000d\000\040\000O\000r\000t\000h\000o\000n\000o\000r\000m\000a\000l\000\040\000S\000y\000s\000t\000e\000m\000s}{section.30}% 251
\BOOKMARK [2][-]{subsection.30.6}{\376\377\000W\000r\000i\000t\000i\000n\000g\000\040\000a\000\040\000v\000e\000c\000t\000o\000r\000\040\000i\000n\000\040\000t\000e\000r\000m\000s\000\040\000o\000f\000\040\000t\000h\000e\000\040\000O\000r\000t\000h\000o\000g\000o\000n\000a\000l\000\040\000B\000a\000s\000i\000s}{section.30}% 252
\BOOKMARK [2][-]{subsection.30.7}{\376\377\000L\000i\000n\000e\000a\000r\000\040\000I\000n\000d\000e\000p\000e\000n\000d\000e\000n\000c\000e\000\040\000o\000f\000\040\000O\000r\000t\000h\000o\000g\000o\000n\000a\000l\000\040\000S\000y\000s\000t\000e\000m\000s}{section.30}% 253
\BOOKMARK [2][-]{subsection.30.8}{\376\377\000R\000e\000p\000r\000e\000s\000e\000n\000t\000a\000t\000i\000o\000n\000\040\000w\000i\000t\000h\000\040\000R\000e\000s\000p\000e\000c\000t\000\040\000t\000o\000\040\000a\000n\000\040\000O\000r\000t\000h\000o\000g\000o\000n\000a\000l\000\040\000B\000a\000s\000i\000s}{section.30}% 254
\BOOKMARK [2][-]{subsection.30.9}{\376\377\000O\000r\000t\000h\000o\000g\000o\000n\000a\000l\000\040\000P\000r\000o\000j\000e\000c\000t\000i\000o\000n\000\040\000a\000n\000d\000\040\000D\000i\000r\000e\000c\000t\000\040\000S\000u\000m\000\040\000D\000e\000c\000o\000m\000p\000o\000s\000i\000t\000i\000o\000n}{section.30}% 255
\BOOKMARK [2][-]{subsection.30.10}{\376\377\000T\000h\000e\000\040\000G\000r\000a\000m\000-\000S\000c\000h\000m\000i\000d\000t\000\040\000P\000r\000o\000c\000e\000s\000s}{section.30}% 256
\BOOKMARK [2][-]{subsection.30.11}{\376\377\000E\000x\000i\000s\000t\000e\000n\000c\000e\000\040\000o\000f\000\040\000O\000r\000t\000h\000o\000n\000o\000r\000m\000a\000l\000\040\000B\000a\000s\000e\000s\000\040\000a\000n\000d\000\040\000O\000r\000t\000h\000o\000g\000o\000n\000a\000l\000\040\000P\000r\000o\000j\000e\000c\000t\000i\000o\000n\000s}{section.30}% 257
\BOOKMARK [2][-]{subsection.30.12}{\376\377\000B\000e\000s\000t\000\040\000A\000p\000p\000r\000o\000x\000i\000m\000a\000t\000i\000o\000n}{section.30}% 258
\BOOKMARK [1][-]{section.31}{\376\377\000L\000i\000n\000e\000a\000r\000\040\000M\000a\000p\000s}{}% 259
\BOOKMARK [2][-]{subsection.31.1}{\376\377\000T\000y\000p\000e\000s\000\040\000o\000f\000\040\000L\000i\000n\000e\000a\000r\000\040\000M\000a\000p\000s}{section.31}% 260
\BOOKMARK [2][-]{subsection.31.2}{\376\377\000P\000r\000o\000p\000e\000r\000t\000i\000e\000s\000\040\000o\000f\000\040\000L\000i\000n\000e\000a\000r\000\040\000M\000a\000p\000s}{section.31}% 261
\BOOKMARK [2][-]{subsection.31.3}{\376\377\000T\000h\000e\000\040\000K\000e\000r\000n\000e\000l\000\040\000o\000f\000\040\000a\000\040\000L\000i\000n\000e\000a\000r\000\040\000M\000a\000p}{section.31}% 262
\BOOKMARK [2][-]{subsection.31.4}{\376\377\000T\000h\000e\000\040\000I\000m\000a\000g\000e\000\040\000o\000f\000\040\000a\000\040\000L\000i\000n\000e\000a\000r\000\040\000M\000a\000p}{section.31}% 263
\BOOKMARK [2][-]{subsection.31.5}{\376\377\000T\000h\000e\000\040\000R\000a\000n\000k\000\040\000o\000f\000\040\000a\000\040\000L\000i\000n\000e\000a\000r\000\040\000M\000a\000p}{section.31}% 264
\BOOKMARK [2][-]{subsection.31.6}{\376\377\000T\000h\000e\000\040\000N\000u\000l\000l\000i\000t\000y\000\040\000o\000f\000\040\000a\000\040\000L\000i\000n\000e\000a\000r\000\040\000M\000a\000p}{section.31}% 265
\BOOKMARK [2][-]{subsection.31.7}{\376\377\000T\000h\000e\000\040\000R\000a\000n\000k\000-\000N\000u\000l\000l\000i\000t\000y\000\040\000T\000h\000e\000o\000r\000e\000m}{section.31}% 266
\BOOKMARK [2][-]{subsection.31.8}{\376\377\000P\000r\000o\000o\000f\000\040\000o\000f\000\040\000t\000h\000e\000\040\000i\000n\000j\000e\000c\000t\000i\000v\000i\000t\000y\000\040\000o\000f\000\040\000t\000h\000e\000\040\000K\000e\000r\000n\000e\000l}{section.31}% 267
\BOOKMARK [2][-]{subsection.31.9}{\376\377\000D\000i\000m\000e\000n\000s\000i\000o\000n\000\040\000F\000o\000r\000m\000u\000l\000a\000\040\000f\000o\000r\000\040\000L\000i\000n\000e\000a\000r\000\040\000M\000a\000p\000p\000i\000n\000g\000s}{section.31}% 268
\BOOKMARK [2][-]{subsection.31.10}{\376\377\000I\000d\000e\000n\000t\000i\000f\000y\000i\000n\000g\000\040\000t\000h\000e\000\040\000t\000y\000p\000e\000\040\000o\000f\000\040\000l\000i\000n\000e\000a\000r\000\040\000m\000a\000p}{section.31}% 269
\BOOKMARK [2][-]{subsection.31.11}{\376\377\000I\000m\000a\000g\000e\000\040\000o\000f\000\040\000t\000h\000e\000\040\000b\000a\000s\000i\000s}{section.31}% 270
\BOOKMARK [2][-]{subsection.31.12}{\376\377\000L\000i\000n\000e\000a\000r\000\040\000M\000a\000p\000s\000\040\000a\000n\000d\000\040\000M\000a\000t\000r\000i\000c\000e\000s}{section.31}% 271
\BOOKMARK [1][-]{section.32}{\376\377\000M\000a\000t\000r\000i\000c\000e\000s}{}% 272
\BOOKMARK [2][-]{subsection.32.1}{\376\377\000D\000e\000f\000i\000n\000i\000t\000i\000o\000n\000\040\000o\000f\000\040\000a\000\040\000M\000a\000t\000r\000i\000x}{section.32}% 273
\BOOKMARK [2][-]{subsection.32.2}{\376\377\000M\000a\000t\000r\000i\000x\000\040\000A\000d\000d\000i\000t\000i\000o\000n\000\040\000a\000n\000d\000\040\000S\000u\000b\000t\000r\000a\000c\000t\000i\000o\000n}{section.32}% 274
\BOOKMARK [3][-]{subsubsection.32.2.1}{\376\377\000A\000d\000d\000i\000t\000i\000o\000n}{subsection.32.2}% 275
\BOOKMARK [3][-]{subsubsection.32.2.2}{\376\377\000S\000u\000b\000t\000r\000a\000c\000t\000i\000o\000n}{subsection.32.2}% 276
\BOOKMARK [2][-]{subsection.32.3}{\376\377\000M\000a\000t\000r\000i\000x\000\040\000M\000u\000l\000t\000i\000p\000l\000i\000c\000a\000t\000i\000o\000n}{section.32}% 277
\BOOKMARK [2][-]{subsection.32.4}{\376\377\000T\000h\000e\000\040\000T\000r\000a\000n\000s\000p\000o\000s\000e\000\040\000o\000f\000\040\000a\000\040\000M\000a\000t\000r\000i\000x}{section.32}% 278
\BOOKMARK [2][-]{subsection.32.5}{\376\377\000T\000h\000e\000\040\000E\000q\000u\000i\000v\000a\000l\000e\000n\000c\000e\000\040\000o\000f\000\040\000M\000a\000t\000r\000i\000c\000e\000s}{section.32}% 279
\BOOKMARK [3][-]{subsubsection.32.5.1}{\376\377\000R\000o\000w\000\040\000E\000c\000h\000e\000l\000o\000n\000\040\000F\000o\000r\000m\000\040\000\050\000R\000E\000F\000\051}{subsection.32.5}% 280
\BOOKMARK [3][-]{subsubsection.32.5.2}{\376\377\000R\000e\000d\000u\000c\000e\000d\000\040\000R\000o\000w\000\040\000E\000c\000h\000e\000l\000o\000n\000\040\000F\000o\000r\000m\000\040\000\050\000R\000R\000E\000F\000\051}{subsection.32.5}% 281
\BOOKMARK [2][-]{subsection.32.6}{\376\377\000T\000h\000e\000\040\000I\000n\000v\000e\000r\000s\000e\000\040\000o\000f\000\040\000a\000\040\000M\000a\000t\000r\000i\000x\000\040\000a\000n\000d\000\040\000I\000t\000s\000\040\000P\000r\000o\000p\000e\000r\000t\000i\000e\000s}{section.32}% 282
\BOOKMARK [3][-]{subsubsection.32.6.1}{\376\377\000P\000r\000o\000p\000e\000r\000t\000i\000e\000s\000\040\000o\000f\000\040\000t\000h\000e\000\040\000I\000n\000v\000e\000r\000s\000e}{subsection.32.6}% 283
\BOOKMARK [3][-]{subsubsection.32.6.2}{\376\377\000F\000i\000n\000d\000i\000n\000g\000\040\000t\000h\000e\000\040\000I\000n\000v\000e\000r\000s\000e}{subsection.32.6}% 284
\BOOKMARK [2][-]{subsection.32.7}{\376\377\000T\000h\000e\000\040\000R\000a\000n\000k\000\040\000o\000f\000\040\000a\000\040\000M\000a\000t\000r\000i\000x\000\040\000a\000n\000d\000\040\000H\000o\000w\000\040\000t\000o\000\040\000F\000i\000n\000d\000\040\000I\000t}{section.32}% 285
\BOOKMARK [3][-]{subsubsection.32.7.1}{\376\377\000F\000i\000n\000d\000i\000n\000g\000\040\000t\000h\000e\000\040\000R\000a\000n\000k}{subsection.32.7}% 286
\BOOKMARK [2][-]{subsection.32.8}{\376\377\000T\000h\000e\000\040\000D\000e\000f\000i\000n\000i\000t\000i\000o\000n\000s\000\040\000o\000f\000\040\000C\000o\000l\000u\000m\000n\000\040\000S\000p\000a\000c\000e\000,\000\040\000R\000o\000w\000\040\000S\000p\000a\000c\000e\000,\000\040\000a\000n\000d\000\040\000N\000u\000l\000l\000\040\000S\000p\000a\000c\000e}{section.32}% 287
\BOOKMARK [3][-]{subsubsection.32.8.1}{\376\377\000C\000o\000l\000u\000m\000n\000\040\000S\000p\000a\000c\000e}{subsection.32.8}% 288
\BOOKMARK [3][-]{subsubsection.32.8.2}{\376\377\000R\000o\000w\000\040\000S\000p\000a\000c\000e}{subsection.32.8}% 289
\BOOKMARK [3][-]{subsubsection.32.8.3}{\376\377\000N\000u\000l\000l\000\040\000S\000p\000a\000c\000e}{subsection.32.8}% 290
\BOOKMARK [3][-]{subsubsection.32.8.4}{\376\377\000L\000e\000f\000t\000\040\000N\000u\000l\000l\000\040\000S\000p\000a\000c\000e}{subsection.32.8}% 291
\BOOKMARK [2][-]{subsection.32.9}{\376\377\000E\000x\000a\000m\000p\000l\000e\000s\000\040\000o\000f\000\040\000M\000a\000t\000r\000i\000x\000\040\000O\000p\000e\000r\000a\000t\000i\000o\000n\000s}{section.32}% 292
\BOOKMARK [3][-]{subsubsection.32.9.1}{\376\377\000E\000x\000a\000m\000p\000l\000e\000\040\000o\000f\000\040\000M\000a\000t\000r\000i\000x\000\040\000M\000u\000l\000t\000i\000p\000l\000i\000c\000a\000t\000i\000o\000n}{subsection.32.9}% 293
\BOOKMARK [3][-]{subsubsection.32.9.2}{\376\377\000E\000x\000a\000m\000p\000l\000e\000\040\000o\000f\000\040\000G\000a\000u\000\337\000-\000J\000o\000r\000d\000a\000n\000\040\000E\000l\000i\000m\000i\000n\000a\000t\000i\000o\000n}{subsection.32.9}% 294
\BOOKMARK [3][-]{subsubsection.32.9.3}{\376\377\000E\000x\000a\000m\000p\000l\000e\000\040\000o\000f\000\040\000F\000i\000n\000d\000i\000n\000g\000\040\000t\000h\000e\000\040\000I\000n\000v\000e\000r\000s\000e\000\040\000o\000f\000\040\000a\000\040\000M\000a\000t\000r\000i\000x\000\040\000u\000s\000i\000n\000g\000\040\000G\000a\000u\000\337\000-\000J\000o\000r\000d\000a\000n\000\040\000E\000l\000i\000m\000i\000n\000a\000t\000i\000o\000n}{subsection.32.9}% 295
\BOOKMARK [2][-]{subsection.32.10}{\376\377\000T\000h\000e\000\040\000D\000e\000t\000e\000r\000m\000i\000n\000a\000n\000t\000\040\000o\000f\000\040\000a\000\040\000M\000a\000t\000r\000i\000x}{section.32}% 296
\BOOKMARK [3][-]{subsubsection.32.10.1}{\376\377\000E\000x\000a\000m\000p\000l\000e\000\040\000o\000f\000\040\000D\000e\000t\000e\000r\000m\000i\000n\000a\000n\000t\000\040\000C\000a\000l\000c\000u\000l\000a\000t\000i\000o\000n}{subsection.32.10}% 297
\BOOKMARK [2][-]{subsection.32.11}{\376\377\000L\000i\000n\000e\000a\000r\000\040\000M\000a\000p\000s\000\040\000a\000s\000\040\000m\000a\000t\000r\000i\000c\000e\000s\000\040\000a\000n\000d\000\040\000T\000h\000e\000i\000r\000\040\000P\000r\000o\000p\000e\000r\000t\000i\000e\000s}{section.32}% 298
\BOOKMARK [2][-]{subsection.32.12}{\376\377\000E\000x\000a\000m\000p\000l\000e\000\040\000o\000f\000\040\000a\000n\000\040\000e\000x\000e\000r\000c\000i\000s\000e}{section.32}% 299
\BOOKMARK [2][-]{subsection.32.13}{\376\377\000E\000i\000g\000e\000n\000v\000e\000c\000t\000o\000r\000s\000\040\000a\000n\000d\000\040\000E\000i\000g\000e\000n\000v\000a\000l\000u\000e\000s}{section.32}% 300
\BOOKMARK [3][-]{subsubsection.32.13.1}{\376\377\000H\000o\000w\000\040\000t\000o\000\040\000f\000i\000n\000d\000\040\000t\000h\000e\000\040\000E\000i\000g\000e\000n\000v\000e\000c\000t\000o\000r\000s\000\040\000a\000n\000d\000\040\000E\000i\000g\000e\000n\000v\000a\000l\000u\000e\000s}{subsection.32.13}% 301
\BOOKMARK [3][-]{subsubsection.32.13.2}{\376\377\000H\000o\000w\000\040\000t\000o\000\040\000d\000i\000a\000g\000o\000n\000a\000l\000i\000z\000e\000\040\000a\000\040\000m\000a\000t\000r\000i\000x}{subsection.32.13}% 302
